[2024-06-07 15:40:27,804] multiqc.core.file_search                           [INFO   ]  Search path: /Users/abquaye/MyStuff/host_rna_seq/qc_reports/fastqc_files/I_4hrsS1_Data1_fastqc.html
[2024-06-07 15:40:27,804] multiqc.core.file_search                           [INFO   ]  Search path: /Users/abquaye/MyStuff/host_rna_seq/qc_reports/fastqc_files/I_4hrsS1_Data1_fastqc.zip
[2024-06-07 15:40:27,805] multiqc.core.file_search                           [INFO   ]  Search path: /Users/abquaye/MyStuff/host_rna_seq/qc_reports/fastqc_files/I_4hrsS2_Data1_fastqc.html
[2024-06-07 15:40:27,805] multiqc.core.file_search                           [INFO   ]  Search path: /Users/abquaye/MyStuff/host_rna_seq/qc_reports/fastqc_files/I_4hrsS2_Data1_fastqc.zip
[2024-06-07 15:40:27,805] multiqc.core.file_search                           [INFO   ]  Search path: /Users/abquaye/MyStuff/host_rna_seq/qc_reports/fastqc_files/I_4hrsS3_Data1_fastqc.html
[2024-06-07 15:40:27,805] multiqc.core.file_search                           [INFO   ]  Search path: /Users/abquaye/MyStuff/host_rna_seq/qc_reports/fastqc_files/I_4hrsS3_Data1_fastqc.zip
[2024-06-07 15:40:27,805] multiqc.core.file_search                           [INFO   ]  Search path: /Users/abquaye/MyStuff/host_rna_seq/qc_reports/fastqc_files/I_24hrsS1_Data1_fastqc.html
[2024-06-07 15:40:27,805] multiqc.core.file_search                           [INFO   ]  Search path: /Users/abquaye/MyStuff/host_rna_seq/qc_reports/fastqc_files/I_24hrsS1_Data1_fastqc.zip
[2024-06-07 15:40:27,805] multiqc.core.file_search                           [INFO   ]  Search path: /Users/abquaye/MyStuff/host_rna_seq/qc_reports/fastqc_files/I_24hrsS2_Data1_fastqc.html
[2024-06-07 15:40:27,805] multiqc.core.file_search                           [INFO   ]  Search path: /Users/abquaye/MyStuff/host_rna_seq/qc_reports/fastqc_files/I_24hrsS2_Data1_fastqc.zip
[2024-06-07 15:40:27,805] multiqc.core.file_search                           [INFO   ]  Search path: /Users/abquaye/MyStuff/host_rna_seq/qc_reports/fastqc_files/I_24hrsS3_Data1_fastqc.html
[2024-06-07 15:40:27,805] multiqc.core.file_search                           [INFO   ]  Search path: /Users/abquaye/MyStuff/host_rna_seq/qc_reports/fastqc_files/I_24hrsS3_Data1_fastqc.zip
[2024-06-07 15:40:27,805] multiqc.core.file_search                           [INFO   ]  Search path: /Users/abquaye/MyStuff/host_rna_seq/qc_reports/fastqc_files/I_72hrsS1_Data1_fastqc.html
[2024-06-07 15:40:27,805] multiqc.core.file_search                           [INFO   ]  Search path: /Users/abquaye/MyStuff/host_rna_seq/qc_reports/fastqc_files/I_72hrsS1_Data1_fastqc.zip
[2024-06-07 15:40:27,805] multiqc.core.file_search                           [INFO   ]  Search path: /Users/abquaye/MyStuff/host_rna_seq/qc_reports/fastqc_files/I_72hrsS2_Data1_fastqc.html
[2024-06-07 15:40:27,805] multiqc.core.file_search                           [INFO   ]  Search path: /Users/abquaye/MyStuff/host_rna_seq/qc_reports/fastqc_files/I_72hrsS2_Data1_fastqc.zip
[2024-06-07 15:40:27,805] multiqc.core.file_search                           [INFO   ]  Search path: /Users/abquaye/MyStuff/host_rna_seq/qc_reports/fastqc_files/I_72hrsS3_Data1_fastqc.html
[2024-06-07 15:40:27,805] multiqc.core.file_search                           [INFO   ]  Search path: /Users/abquaye/MyStuff/host_rna_seq/qc_reports/fastqc_files/I_72hrsS3_Data1_fastqc.zip
[2024-06-07 15:40:27,805] multiqc.core.file_search                           [INFO   ]  Search path: /Users/abquaye/MyStuff/host_rna_seq/qc_reports/fastqc_files/I_12hrsS1_Data1_fastqc.html
[2024-06-07 15:40:27,805] multiqc.core.file_search                           [INFO   ]  Search path: /Users/abquaye/MyStuff/host_rna_seq/qc_reports/fastqc_files/I_12hrsS1_Data1_fastqc.zip
[2024-06-07 15:40:27,805] multiqc.core.file_search                           [INFO   ]  Search path: /Users/abquaye/MyStuff/host_rna_seq/qc_reports/fastqc_files/I_12hrsS3_Data1_fastqc.html
[2024-06-07 15:40:27,806] multiqc.core.file_search                           [INFO   ]  Search path: /Users/abquaye/MyStuff/host_rna_seq/qc_reports/fastqc_files/I_12hrsS3_Data1_fastqc.zip
[2024-06-07 15:40:27,806] multiqc.core.file_search                           [INFO   ]  Search path: /Users/abquaye/MyStuff/host_rna_seq/qc_reports/fastqc_files/U_4hrsN1_Data1_fastqc.html
[2024-06-07 15:40:27,806] multiqc.core.file_search                           [INFO   ]  Search path: /Users/abquaye/MyStuff/host_rna_seq/qc_reports/fastqc_files/U_4hrsN1_Data1_fastqc.zip
[2024-06-07 15:40:27,806] multiqc.core.file_search                           [INFO   ]  Search path: /Users/abquaye/MyStuff/host_rna_seq/qc_reports/fastqc_files/U_4hrsN2_Data1_fastqc.html
[2024-06-07 15:40:27,806] multiqc.core.file_search                           [INFO   ]  Search path: /Users/abquaye/MyStuff/host_rna_seq/qc_reports/fastqc_files/U_4hrsN2_Data1_fastqc.zip
[2024-06-07 15:40:27,806] multiqc.core.file_search                           [INFO   ]  Search path: /Users/abquaye/MyStuff/host_rna_seq/qc_reports/fastqc_files/U_12hrsN1_Data1_fastqc.html
[2024-06-07 15:40:27,806] multiqc.core.file_search                           [INFO   ]  Search path: /Users/abquaye/MyStuff/host_rna_seq/qc_reports/fastqc_files/U_12hrsN1_Data1_fastqc.zip
[2024-06-07 15:40:27,806] multiqc.core.file_search                           [INFO   ]  Search path: /Users/abquaye/MyStuff/host_rna_seq/qc_reports/fastqc_files/U_12hrsN2_Data1_fastqc.html
[2024-06-07 15:40:27,806] multiqc.core.file_search                           [INFO   ]  Search path: /Users/abquaye/MyStuff/host_rna_seq/qc_reports/fastqc_files/U_12hrsN2_Data1_fastqc.zip
[2024-06-07 15:40:27,806] multiqc.core.file_search                           [INFO   ]  Search path: /Users/abquaye/MyStuff/host_rna_seq/qc_reports/fastqc_files/U_24hrsN1_Data1_fastqc.html
[2024-06-07 15:40:27,806] multiqc.core.file_search                           [INFO   ]  Search path: /Users/abquaye/MyStuff/host_rna_seq/qc_reports/fastqc_files/U_24hrsN1_Data1_fastqc.zip
[2024-06-07 15:40:27,806] multiqc.core.file_search                           [INFO   ]  Search path: /Users/abquaye/MyStuff/host_rna_seq/qc_reports/fastqc_files/U_24hrsN2_Data1_fastqc.html
[2024-06-07 15:40:27,806] multiqc.core.file_search                           [INFO   ]  Search path: /Users/abquaye/MyStuff/host_rna_seq/qc_reports/fastqc_files/U_24hrsN2_Data1_fastqc.zip
[2024-06-07 15:40:27,806] multiqc.core.file_search                           [INFO   ]  Search path: /Users/abquaye/MyStuff/host_rna_seq/qc_reports/fastqc_files/U_72hrsN1_Data1_fastqc.html
[2024-06-07 15:40:27,806] multiqc.core.file_search                           [INFO   ]  Search path: /Users/abquaye/MyStuff/host_rna_seq/qc_reports/fastqc_files/U_72hrsN1_Data1_fastqc.zip
[2024-06-07 15:40:27,806] multiqc.core.file_search                           [INFO   ]  Search path: /Users/abquaye/MyStuff/host_rna_seq/qc_reports/fastqc_files/U_72hrsN2_Data1_fastqc.html
[2024-06-07 15:40:27,806] multiqc.core.file_search                           [INFO   ]  Search path: /Users/abquaye/MyStuff/host_rna_seq/qc_reports/fastqc_files/U_72hrsN2_Data1_fastqc.zip
[2024-06-07 15:40:27,806] multiqc.core.file_search                           [INFO   ]  Search path: /Users/abquaye/MyStuff/host_rna_seq/qc_reports/fastqc_files/I_4hrsS1_Data2_fastqc.html
[2024-06-07 15:40:27,806] multiqc.core.file_search                           [INFO   ]  Search path: /Users/abquaye/MyStuff/host_rna_seq/qc_reports/fastqc_files/I_4hrsS1_Data2_fastqc.zip
[2024-06-07 15:40:27,807] multiqc.core.file_search                           [INFO   ]  Search path: /Users/abquaye/MyStuff/host_rna_seq/qc_reports/fastqc_files/I_4hrsS2_Data2_fastqc.html
[2024-06-07 15:40:27,807] multiqc.core.file_search                           [INFO   ]  Search path: /Users/abquaye/MyStuff/host_rna_seq/qc_reports/fastqc_files/I_4hrsS2_Data2_fastqc.zip
[2024-06-07 15:40:27,807] multiqc.core.file_search                           [INFO   ]  Search path: /Users/abquaye/MyStuff/host_rna_seq/qc_reports/fastqc_files/I_4hrsS3_Data2_fastqc.html
[2024-06-07 15:40:27,807] multiqc.core.file_search                           [INFO   ]  Search path: /Users/abquaye/MyStuff/host_rna_seq/qc_reports/fastqc_files/I_4hrsS3_Data2_fastqc.zip
[2024-06-07 15:40:27,807] multiqc.core.file_search                           [INFO   ]  Search path: /Users/abquaye/MyStuff/host_rna_seq/qc_reports/fastqc_files/I_24hrsS1_Data2_fastqc.html
[2024-06-07 15:40:27,807] multiqc.core.file_search                           [INFO   ]  Search path: /Users/abquaye/MyStuff/host_rna_seq/qc_reports/fastqc_files/I_24hrsS1_Data2_fastqc.zip
[2024-06-07 15:40:27,807] multiqc.core.file_search                           [INFO   ]  Search path: /Users/abquaye/MyStuff/host_rna_seq/qc_reports/fastqc_files/I_24hrsS2_Data2_fastqc.html
[2024-06-07 15:40:27,807] multiqc.core.file_search                           [INFO   ]  Search path: /Users/abquaye/MyStuff/host_rna_seq/qc_reports/fastqc_files/I_24hrsS2_Data2_fastqc.zip
[2024-06-07 15:40:27,807] multiqc.core.file_search                           [INFO   ]  Search path: /Users/abquaye/MyStuff/host_rna_seq/qc_reports/fastqc_files/I_24hrsS3_Data2_fastqc.html
[2024-06-07 15:40:27,807] multiqc.core.file_search                           [INFO   ]  Search path: /Users/abquaye/MyStuff/host_rna_seq/qc_reports/fastqc_files/I_24hrsS3_Data2_fastqc.zip
[2024-06-07 15:40:27,807] multiqc.core.file_search                           [INFO   ]  Search path: /Users/abquaye/MyStuff/host_rna_seq/qc_reports/fastqc_files/I_72hrsS1_Data2_fastqc.html
[2024-06-07 15:40:27,807] multiqc.core.file_search                           [INFO   ]  Search path: /Users/abquaye/MyStuff/host_rna_seq/qc_reports/fastqc_files/I_72hrsS1_Data2_fastqc.zip
[2024-06-07 15:40:27,807] multiqc.core.file_search                           [INFO   ]  Search path: /Users/abquaye/MyStuff/host_rna_seq/qc_reports/fastqc_files/I_72hrsS2_Data2_fastqc.html
[2024-06-07 15:40:27,807] multiqc.core.file_search                           [INFO   ]  Search path: /Users/abquaye/MyStuff/host_rna_seq/qc_reports/fastqc_files/I_72hrsS2_Data2_fastqc.zip
[2024-06-07 15:40:27,807] multiqc.core.file_search                           [INFO   ]  Search path: /Users/abquaye/MyStuff/host_rna_seq/qc_reports/fastqc_files/I_72hrsS3_Data2_fastqc.html
[2024-06-07 15:40:27,807] multiqc.core.file_search                           [INFO   ]  Search path: /Users/abquaye/MyStuff/host_rna_seq/qc_reports/fastqc_files/I_72hrsS3_Data2_fastqc.zip
[2024-06-07 15:40:27,807] multiqc.core.file_search                           [INFO   ]  Search path: /Users/abquaye/MyStuff/host_rna_seq/qc_reports/fastqc_files/I_12hrsS1_Data2_fastqc.html
[2024-06-07 15:40:27,807] multiqc.core.file_search                           [INFO   ]  Search path: /Users/abquaye/MyStuff/host_rna_seq/qc_reports/fastqc_files/I_12hrsS1_Data2_fastqc.zip
[2024-06-07 15:40:27,807] multiqc.core.file_search                           [INFO   ]  Search path: /Users/abquaye/MyStuff/host_rna_seq/qc_reports/fastqc_files/I_12hrsS3_Data2_fastqc.html
[2024-06-07 15:40:27,807] multiqc.core.file_search                           [INFO   ]  Search path: /Users/abquaye/MyStuff/host_rna_seq/qc_reports/fastqc_files/I_12hrsS3_Data2_fastqc.zip
[2024-06-07 15:40:27,807] multiqc.core.file_search                           [INFO   ]  Search path: /Users/abquaye/MyStuff/host_rna_seq/qc_reports/fastqc_files/U_4hrsN1_Data2_fastqc.html
[2024-06-07 15:40:27,807] multiqc.core.file_search                           [INFO   ]  Search path: /Users/abquaye/MyStuff/host_rna_seq/qc_reports/fastqc_files/U_4hrsN1_Data2_fastqc.zip
[2024-06-07 15:40:27,807] multiqc.core.file_search                           [INFO   ]  Search path: /Users/abquaye/MyStuff/host_rna_seq/qc_reports/fastqc_files/U_4hrsN2_Data2_fastqc.html
[2024-06-07 15:40:27,808] multiqc.core.file_search                           [INFO   ]  Search path: /Users/abquaye/MyStuff/host_rna_seq/qc_reports/fastqc_files/U_4hrsN2_Data2_fastqc.zip
[2024-06-07 15:40:27,808] multiqc.core.file_search                           [INFO   ]  Search path: /Users/abquaye/MyStuff/host_rna_seq/qc_reports/fastqc_files/U_12hrsN1_Data2_fastqc.html
[2024-06-07 15:40:27,808] multiqc.core.file_search                           [INFO   ]  Search path: /Users/abquaye/MyStuff/host_rna_seq/qc_reports/fastqc_files/U_12hrsN1_Data2_fastqc.zip
[2024-06-07 15:40:27,808] multiqc.core.file_search                           [INFO   ]  Search path: /Users/abquaye/MyStuff/host_rna_seq/qc_reports/fastqc_files/U_12hrsN2_Data2_fastqc.html
[2024-06-07 15:40:27,808] multiqc.core.file_search                           [INFO   ]  Search path: /Users/abquaye/MyStuff/host_rna_seq/qc_reports/fastqc_files/U_12hrsN2_Data2_fastqc.zip
[2024-06-07 15:40:27,808] multiqc.core.file_search                           [INFO   ]  Search path: /Users/abquaye/MyStuff/host_rna_seq/qc_reports/fastqc_files/U_24hrsN1_Data2_fastqc.html
[2024-06-07 15:40:27,808] multiqc.core.file_search                           [INFO   ]  Search path: /Users/abquaye/MyStuff/host_rna_seq/qc_reports/fastqc_files/U_24hrsN1_Data2_fastqc.zip
[2024-06-07 15:40:27,808] multiqc.core.file_search                           [INFO   ]  Search path: /Users/abquaye/MyStuff/host_rna_seq/qc_reports/fastqc_files/U_24hrsN2_Data2_fastqc.html
[2024-06-07 15:40:27,808] multiqc.core.file_search                           [INFO   ]  Search path: /Users/abquaye/MyStuff/host_rna_seq/qc_reports/fastqc_files/U_24hrsN2_Data2_fastqc.zip
[2024-06-07 15:40:27,808] multiqc.core.file_search                           [INFO   ]  Search path: /Users/abquaye/MyStuff/host_rna_seq/qc_reports/fastqc_files/U_72hrsN1_Data2_fastqc.html
[2024-06-07 15:40:27,808] multiqc.core.file_search                           [INFO   ]  Search path: /Users/abquaye/MyStuff/host_rna_seq/qc_reports/fastqc_files/U_72hrsN1_Data2_fastqc.zip
[2024-06-07 15:40:27,808] multiqc.core.file_search                           [INFO   ]  Search path: /Users/abquaye/MyStuff/host_rna_seq/qc_reports/fastqc_files/U_72hrsN2_Data2_fastqc.html
[2024-06-07 15:40:27,808] multiqc.core.file_search                           [INFO   ]  Search path: /Users/abquaye/MyStuff/host_rna_seq/qc_reports/fastqc_files/U_72hrsN2_Data2_fastqc.zip
[2024-06-07 15:40:28,937] multiqc.modules.fastqc.fastqc                      [INFO   ]  Found 38 reports
[2024-06-07 15:40:29,334] multiqc.core.write_results                         [INFO   ]  Data        : qc_reports/multiqc_files/multiqc_data
[2024-06-07 15:40:29,556] multiqc.core.write_results                         [INFO   ]  Report      : qc_reports/multiqc_files/multiqc_report.html
[2024-06-07 15:40:29,560] multiqc.multiqc                                    [INFO   ]  MultiQC complete
